# JRE version: OpenJDK Runtime Environment (11.0.10) (build 11.0.10+0-b96-7249189)
# Java VM: OpenJDK 64-Bit Server VM (11.0.10+0-b96-7249189, mixed mode, tiered, compressed oops, g1 gc, windows-amd64)
Heap:
 garbage-first heap   total 474112K, used 345088K [0x00000000e0000000, 0x0000000100000000)
  region size 1024K, 81 young (82944K), 8 survivors (8192K)
 Metaspace       used 143231K, capacity 146836K, committed 149912K, reserved 1179648K
  class space    used 17459K, capacity 18788K, committed 19404K, reserved 1048576K
GC Heap History (20 events):
Event: 2536.478 GC heap before
{Heap before GC invocations=524 (full 0):
 garbage-first heap   total 474112K, used 375808K [0x00000000e0000000, 0x0000000100000000)
  region size 1024K, 108 young (110592K), 4 survivors (4096K)
 Metaspace       used 145511K, capacity 149546K, committed 149656K, reserved 1179648K
  class space    used 17851K, capacity 19335K, committed 19404K, reserved 1048576K
}
Event: 2536.501 GC heap after
{Heap after GC invocations=525 (full 0):
 garbage-first heap   total 474112K, used 287672K [0x00000000e0000000, 0x0000000100000000)
  region size 1024K, 14 young (14336K), 14 survivors (14336K)
 Metaspace       used 145511K, capacity 149546K, committed 149656K, reserved 1179648K
  class space    used 17851K, capacity 19335K, committed 19404K, reserved 1048576K
}
Event: 2537.473 GC heap before
{Heap before GC invocations=525 (full 0):
 garbage-first heap   total 474112K, used 404408K [0x00000000e0000000, 0x0000000100000000)
  region size 1024K, 106 young (108544K), 14 survivors (14336K)
 Metaspace       used 145559K, capacity 149611K, committed 149912K, reserved 1179648K
  class space    used 17851K, capacity 19335K, committed 19404K, reserved 1048576K
}
Event: 2537.496 GC heap after
{Heap after GC invocations=526 (full 0):
 garbage-first heap   total 474112K, used 293798K [0x00000000e0000000, 0x0000000100000000)
  region size 1024K, 6 young (6144K), 6 survivors (6144K)
 Metaspace       used 145559K, capacity 149611K, committed 149912K, reserved 1179648K
  class space    used 17851K, capacity 19335K, committed 19404K, reserved 1048576K
}
Event: 2538.595 GC heap before
{Heap before GC invocations=526 (full 0):
 garbage-first heap   total 474112K, used 385958K [0x00000000e0000000, 0x0000000100000000)
  region size 1024K, 97 young (99328K), 6 survivors (6144K)
 Metaspace       used 145602K, capacity 149618K, committed 149912K, reserved 1179648K
  class space    used 17852K, capacity 19337K, committed 19404K, reserved 1048576K
}
Event: 2538.607 GC heap after
{Heap after GC invocations=527 (full 0):
 garbage-first heap   total 474112K, used 293613K [0x00000000e0000000, 0x0000000100000000)
  region size 1024K, 6 young (6144K), 6 survivors (6144K)
 Metaspace       used 145602K, capacity 149618K, committed 149912K, reserved 1179648K
  class space    used 17852K, capacity 19337K, committed 19404K, reserved 1048576K
}
Event: 2540.313 GC heap before
{Heap before GC invocations=527 (full 0):
 garbage-first heap   total 474112K, used 363245K [0x00000000e0000000, 0x0000000100000000)
  region size 1024K, 51 young (52224K), 6 survivors (6144K)
 Metaspace       used 145690K, capacity 149722K, committed 149912K, reserved 1179648K
  class space    used 17857K, capacity 19346K, committed 19404K, reserved 1048576K
}
Event: 2540.335 GC heap after
{Heap after GC invocations=528 (full 0):
 garbage-first heap   total 474112K, used 315616K [0x00000000e0000000, 0x0000000100000000)
  region size 1024K, 8 young (8192K), 8 survivors (8192K)
 Metaspace       used 145690K, capacity 149722K, committed 149912K, reserved 1179648K
  class space    used 17857K, capacity 19346K, committed 19404K, reserved 1048576K
}
Event: 2541.170 GC heap before
{Heap before GC invocations=529 (full 0):
 garbage-first heap   total 474112K, used 314592K [0x00000000e0000000, 0x0000000100000000)
  region size 1024K, 92 young (94208K), 8 survivors (8192K)
 Metaspace       used 142488K, capacity 145809K, committed 149912K, reserved 1179648K
  class space    used 17390K, capacity 18665K, committed 19404K, reserved 1048576K
}
Event: 2541.286 GC heap after
{Heap after GC invocations=530 (full 0):
 garbage-first heap   total 474112K, used 253597K [0x00000000e0000000, 0x0000000100000000)
  region size 1024K, 12 young (12288K), 12 survivors (12288K)
 Metaspace       used 142488K, capacity 145809K, committed 149912K, reserved 1179648K
  class space    used 17390K, capacity 18665K, committed 19404K, reserved 1048576K
}
Event: 2541.478 GC heap before
{Heap before GC invocations=530 (full 0):
 garbage-first heap   total 474112K, used 264861K [0x00000000e0000000, 0x0000000100000000)
  region size 1024K, 23 young (23552K), 12 survivors (12288K)
 Metaspace       used 142491K, capacity 145809K, committed 149912K, reserved 1179648K
  class space    used 17390K, capacity 18665K, committed 19404K, reserved 1048576K
}
Event: 2541.532 GC heap after
{Heap after GC invocations=531 (full 0):
 garbage-first heap   total 474112K, used 212992K [0x00000000e0000000, 0x0000000100000000)
  region size 1024K, 3 young (3072K), 3 survivors (3072K)
 Metaspace       used 142491K, capacity 145809K, committed 149912K, reserved 1179648K
  class space    used 17390K, capacity 18665K, committed 19404K, reserved 1048576K
}
Event: 2541.592 GC heap before
{Heap before GC invocations=531 (full 0):
 garbage-first heap   total 474112K, used 233472K [0x00000000e0000000, 0x0000000100000000)
  region size 1024K, 23 young (23552K), 3 survivors (3072K)
 Metaspace       used 142509K, capacity 145833K, committed 149912K, reserved 1179648K
  class space    used 17392K, capacity 18669K, committed 19404K, reserved 1048576K
}
Event: 2541.618 GC heap after
{Heap after GC invocations=532 (full 0):
 garbage-first heap   total 474112K, used 215552K [0x00000000e0000000, 0x0000000100000000)
  region size 1024K, 3 young (3072K), 3 survivors (3072K)
 Metaspace       used 142509K, capacity 145833K, committed 149912K, reserved 1179648K
  class space    used 17392K, capacity 18669K, committed 19404K, reserved 1048576K
}
Event: 2543.255 GC heap before
{Heap before GC invocations=532 (full 0):
 garbage-first heap   total 474112K, used 345600K [0x00000000e0000000, 0x0000000100000000)
  region size 1024K, 121 young (123904K), 3 survivors (3072K)
 Metaspace       used 142560K, capacity 145893K, committed 149912K, reserved 1179648K
  class space    used 17398K, capacity 18679K, committed 19404K, reserved 1048576K
}
Event: 2543.303 GC heap after
{Heap after GC invocations=533 (full 0):
 garbage-first heap   total 474112K, used 247296K [0x00000000e0000000, 0x0000000100000000)
  region size 1024K, 16 young (16384K), 16 survivors (16384K)
 Metaspace       used 142560K, capacity 145893K, committed 149912K, reserved 1179648K
  class space    used 17398K, capacity 18679K, committed 19404K, reserved 1048576K
}
Event: 2543.961 GC heap before
{Heap before GC invocations=533 (full 0):
 garbage-first heap   total 474112K, used 377344K [0x00000000e0000000, 0x0000000100000000)
  region size 1024K, 123 young (125952K), 16 survivors (16384K)
 Metaspace       used 142562K, capacity 145893K, committed 149912K, reserved 1179648K
  class space    used 17398K, capacity 18679K, committed 19404K, reserved 1048576K
}
Event: 2543.993 GC heap after
{Heap after GC invocations=534 (full 0):
 garbage-first heap   total 474112K, used 281769K [0x00000000e0000000, 0x0000000100000000)
  region size 1024K, 13 young (13312K), 13 survivors (13312K)
 Metaspace       used 142562K, capacity 145893K, committed 149912K, reserved 1179648K
  class space    used 17398K, capacity 18679K, committed 19404K, reserved 1048576K
}
Event: 2733.729 GC heap before
{Heap before GC invocations=534 (full 0):
 garbage-first heap   total 474112K, used 393385K [0x00000000e0000000, 0x0000000100000000)
  region size 1024K, 106 young (108544K), 13 survivors (13312K)
 Metaspace       used 143107K, capacity 146682K, committed 149912K, reserved 1179648K
  class space    used 17449K, capacity 18771K, committed 19404K, reserved 1048576K
}
Event: 2733.744 GC heap after
{Heap after GC invocations=535 (full 0):
 garbage-first heap   total 474112K, used 272384K [0x00000000e0000000, 0x0000000100000000)
  region size 1024K, 8 young (8192K), 8 survivors (8192K)
 Metaspace       used 143107K, capacity 146682K, committed 149912K, reserved 1179648K
  class space    used 17449K, capacity 18771K, committed 19404K, reserved 1048576K
}

